<?xml version="1.0" encoding="UTF-8"?>
<!-- Generated by org.testng.reporters.JUnitReportReporter -->
<testsuite hostname="Rishabh-Patel" failures="0" tests="4" name="TestNG.OpenHRMDemo" time="49.041" errors="0" timestamp="2024-08-07T11:28:04 IST" skipped="0">
  <testcase classname="TestNG.OpenHRMDemo" name="tearup" time="26.985"/>
  <system-out/>
  <testcase classname="TestNG.OpenHRMDemo" name="logo" time="3.047"/>
  <system-out/>
  <testcase classname="TestNG.OpenHRMDemo" name="Login" time="19.007"/>
  <system-out/>
  <testcase classname="TestNG.OpenHRMDemo" name="teardown" time="0.002"/>
  <system-out/>
</testsuite> <!-- TestNG.OpenHRMDemo -->
