<?xml version="1.0" encoding="UTF-8"?>
<!-- Generated by org.testng.reporters.JUnitReportReporter -->
<testsuite hostname="Rishabh-Patel" failures="0" tests="2" name="TestNG.grouping_in_TestNg" time="0.010" errors="0" timestamp="2024-08-06T11:43:02 IST" skipped="0">
  <testcase classname="TestNG.grouping_in_TestNg" name="signupByemail" time="0.009"/>
  <system-out/>
  <testcase classname="TestNG.grouping_in_TestNg" name="logoutByemail" time="0.001"/>
  <system-out/>
</testsuite> <!-- TestNG.grouping_in_TestNg -->
