<?xml version="1.0" encoding="UTF-8"?>
<!-- Generated by org.testng.reporters.JUnitReportReporter -->
<testsuite hostname="Rishabh-Patel" failures="0" tests="2" name="TestNG.AnonationDemo" time="0.006" errors="0" timestamp="2024-08-01T11:53:56 IST" skipped="0">
  <testcase classname="TestNG.AnonationDemo" name="search" time="0.005"/>
  <system-out/>
  <testcase classname="TestNG.AnonationDemo" name="AdvancedSearch" time="0.001"/>
  <system-out/>
</testsuite> <!-- TestNG.AnonationDemo -->
