<?xml version="1.0" encoding="UTF-8"?>
<!-- Generated by org.testng.reporters.JUnitReportReporter -->
<testsuite hostname="Rishabh-Patel" failures="0" tests="4" name="TestNG.OpenHRMDemo" time="25.820" errors="0" timestamp="2024-08-12T12:27:52 IST" skipped="0">
  <testcase classname="TestNG.OpenHRMDemo" name="tearup" time="12.044"/>
  <system-out/>
  <testcase classname="TestNG.OpenHRMDemo" name="logo" time="3.028"/>
  <system-out/>
  <testcase classname="TestNG.OpenHRMDemo" name="Login" time="10.747"/>
  <system-out/>
  <testcase classname="TestNG.OpenHRMDemo" name="teardown" time="0.001"/>
  <system-out/>
</testsuite> <!-- TestNG.OpenHRMDemo -->
