<?xml version="1.0" encoding="UTF-8"?>
<!-- Generated by org.testng.reporters.JUnitReportReporter -->
<testsuite hostname="Rishabh-Patel" failures="0" tests="3" name="TestNG.first_Test" time="0.000" errors="0" timestamp="2024-08-12T12:29:01 IST" skipped="0">
  <testcase classname="TestNG.first_Test" name="OpenURL" time="0.000"/>
  <testcase classname="TestNG.first_Test" name="Login" time="0.000"/>
  <testcase classname="TestNG.first_Test" name="Logout" time="0.000"/>
</testsuite> <!-- TestNG.first_Test -->
