<?xml version="1.0" encoding="UTF-8"?>
<!-- Generated by org.testng.reporters.JUnitReportReporter -->
<testsuite hostname="Rishabh-Patel" failures="0" tests="4" name="TestNG.OpenHRMDemo" time="19.656" errors="0" timestamp="2024-08-12T12:29:01 IST" skipped="0">
  <testcase classname="TestNG.OpenHRMDemo" name="tearup" time="6.231"/>
  <testcase classname="TestNG.OpenHRMDemo" name="logo" time="3.038"/>
  <testcase classname="TestNG.OpenHRMDemo" name="Login" time="10.387"/>
  <testcase classname="TestNG.OpenHRMDemo" name="teardown" time="0.000"/>
</testsuite> <!-- TestNG.OpenHRMDemo -->
